<?xml version="1.0" encoding="UTF-8"?>
<testsuites name="Test Suite1" time="24" tests="3" failures="0" errors="0">
   <testsuite name="Test Suite1" tests="3" failures="0" errors="0" time="24" timestamp="2018-03-28 16:40:37" hostname="Administrator - Medialog" id="Test Suites/Test Suite1">
      <properties>
         <property name="deviceName" value=""/>
         <property name="devicePlatform" value=""/>
         <property name="logFolder" value="C:\\Users\\Administrator\\git\\KatalonGitTest1\\Reports\\Test Suite1\\20180328_164035"/>
         <property name="logFiles" value="C:\\Users\\Administrator\\git\\KatalonGitTest1\\Reports\\Test Suite1\\20180328_164035\\execution0.log"/>
         <property name="attachments" value=""/>
         <property name="hostName" value="Administrator - Medialog"/>
         <property name="os" value="Windows 7 64bit"/>
         <property name="katalonVersion" value="5.3.1.1"/>
         <property name="browser" value="Chrome 65.0.3325.181"/>
         <property name="hostAddress" value="172.19.244.166"/>
         <property name="sessionId" value="8f17ca53d5fde961f96c18c1cc94600a"/>
         <property name="seleniumVersion" value="3.7.1"/>
         <property name="proxyInformation" value="ProxyInformation{proxyOption=NO_PROXY, proxyServerType=HTTP, password=, proxyServerAddress=, proxyServerPort=0}"/>
         <property name="platform" value="Windows 7"/>
      </properties>
      <testcase name="Test Cases/Test 1 by Jiwon" classname="Test Cases/Test 1 by Jiwon" status="PASSED">
         <system-out><![CDATA[2018-03-28 16:40:38 - [TEST_CASE][PASSED] - Test Cases/Test 1 by Jiwon: Test Cases/Test 1 by Jiwon

2018-03-28 16:40:38 - [TEST_STEP][PASSED] - openBrowser: Browser is opened with url: ''

2018-03-28 16:40:44 - [MESSAGE][PASSED] - Browser is opened with url: ''

2018-03-28 16:40:44 - [TEST_STEP][PASSED] - navigateToUrl: Navigate to 'http://demoaut.katalon.com/' successfully

2018-03-28 16:40:46 - [MESSAGE][PASSED] - Navigate to 'http://demoaut.katalon.com/' successfully

2018-03-28 16:40:46 - [TEST_STEP][PASSED] - click: Object: 'Object Repository/a_Make Appointment' is clicked on

2018-03-28 16:40:47 - [MESSAGE][PASSED] - Object: 'Object Repository/a_Make Appointment' is clicked on

2018-03-28 16:40:47 - [TEST_STEP][PASSED] - closeBrowser: Browser is closed

2018-03-28 16:40:48 - [MESSAGE][PASSED] - Browser is closed]]></system-out>
         <system-err><![CDATA[]]></system-err>
      </testcase>
      <testcase name="Test Cases/Test 2 by Jiwon" classname="Test Cases/Test 2 by Jiwon" status="PASSED">
         <system-out><![CDATA[2018-03-28 16:40:48 - [TEST_CASE][PASSED] - Test Cases/Test 2 by Jiwon: Test Cases/Test 2 by Jiwon

2018-03-28 16:40:48 - [TEST_STEP][PASSED] - openBrowser: Browser is opened with url: ''

2018-03-28 16:40:51 - [MESSAGE][PASSED] - Browser is opened with url: ''

2018-03-28 16:40:51 - [TEST_STEP][PASSED] - navigateToUrl: Navigate to 'http://demoaut.katalon.com/' successfully

2018-03-28 16:40:53 - [MESSAGE][PASSED] - Navigate to 'http://demoaut.katalon.com/' successfully

2018-03-28 16:40:53 - [TEST_STEP][PASSED] - click: Object: 'Object Repository/h1_CURA Healthcare Service' is clicked on

2018-03-28 16:40:53 - [MESSAGE][PASSED] - Object: 'Object Repository/h1_CURA Healthcare Service' is clicked on

2018-03-28 16:40:53 - [TEST_STEP][PASSED] - closeBrowser: Browser is closed

2018-03-28 16:40:55 - [MESSAGE][PASSED] - Browser is closed]]></system-out>
         <system-err><![CDATA[]]></system-err>
      </testcase>
      <testcase name="Test Cases/Test 3 by Jiwon" classname="Test Cases/Test 3 by Jiwon" status="PASSED">
         <system-out><![CDATA[2018-03-28 16:40:55 - [TEST_CASE][PASSED] - Test Cases/Test 3 by Jiwon: Test Cases/Test 3 by Jiwon

2018-03-28 16:40:55 - [TEST_STEP][PASSED] - openBrowser: Browser is opened with url: ''

2018-03-28 16:40:58 - [MESSAGE][PASSED] - Browser is opened with url: ''

2018-03-28 16:40:58 - [TEST_STEP][PASSED] - navigateToUrl: Navigate to 'http://demoaut.katalon.com/profile.php#login' successfully

2018-03-28 16:41:00 - [MESSAGE][PASSED] - Navigate to 'http://demoaut.katalon.com/profile.php#login' successfully

2018-03-28 16:41:00 - [TEST_STEP][PASSED] - click: Object: 'Object Repository/h2_Login' is clicked on

2018-03-28 16:41:00 - [MESSAGE][PASSED] - Object: 'Object Repository/h2_Login' is clicked on

2018-03-28 16:41:00 - [TEST_STEP][PASSED] - click: Object: 'Object Repository/p_Please login to make appoint' is clicked on

2018-03-28 16:41:00 - [MESSAGE][PASSED] - Object: 'Object Repository/p_Please login to make appoint' is clicked on

2018-03-28 16:41:00 - [TEST_STEP][PASSED] - click: Object: 'Object Repository/button_Login' is clicked on

2018-03-28 16:41:01 - [MESSAGE][PASSED] - Object: 'Object Repository/button_Login' is clicked on

2018-03-28 16:41:01 - [TEST_STEP][PASSED] - closeBrowser: Browser is closed

2018-03-28 16:41:02 - [MESSAGE][PASSED] - Browser is closed]]></system-out>
         <system-err><![CDATA[]]></system-err>
      </testcase>
      <system-out><![CDATA[2018-03-28 16:40:37 - [TEST_SUITE][PASSED] - Test Suite1: Test Cases/Test 3 by Jiwon]]></system-out>
      <system-err><![CDATA[]]></system-err>
   </testsuite>
</testsuites>
