<?xml version="1.0" encoding="UTF-8"?>
<testsuites name="Test Suite1" time="15" tests="1" failures="0" errors="0">
   <testsuite name="Test Suite1" tests="1" failures="0" errors="0" time="15" timestamp="2018-03-28 15:14:47" hostname="Administrator - Medialog" id="Test Suites/Test Suite1">
      <properties>
         <property name="deviceName" value=""/>
         <property name="devicePlatform" value=""/>
         <property name="logFolder" value="C:\\Users\\Administrator\\git\\KatalonGitTest1\\Reports\\Test Suite1\\20180328_151443"/>
         <property name="logFiles" value="C:\\Users\\Administrator\\git\\KatalonGitTest1\\Reports\\Test Suite1\\20180328_151443\\execution0.log"/>
         <property name="attachments" value=""/>
         <property name="hostName" value="Administrator - Medialog"/>
         <property name="os" value="Windows 7 64bit"/>
         <property name="katalonVersion" value="5.3.1.1"/>
         <property name="browser" value="Chrome 65.0.3325.181"/>
         <property name="hostAddress" value="172.19.244.166"/>
         <property name="sessionId" value="861c02f7113456740fd24a9e1645e2a0"/>
         <property name="seleniumVersion" value="3.7.1"/>
         <property name="proxyInformation" value="ProxyInformation{proxyOption=NO_PROXY, proxyServerType=HTTP, password=, proxyServerAddress=, proxyServerPort=0}"/>
         <property name="platform" value="Windows 7"/>
      </properties>
      <testcase name="Test Cases/Test 1 by Jiwon" classname="Test Cases/Test 1 by Jiwon" status="PASSED">
         <system-out><![CDATA[2018-03-28 15:14:47 - [TEST_CASE][PASSED] - Test Cases/Test 1 by Jiwon: Test Cases/Test 1 by Jiwon

2018-03-28 15:14:48 - [TEST_STEP][PASSED] - openBrowser: Browser is opened with url: ''

2018-03-28 15:14:56 - [MESSAGE][PASSED] - Browser is opened with url: ''

2018-03-28 15:14:56 - [TEST_STEP][PASSED] - navigateToUrl: Navigate to 'http://demoaut.katalon.com/' successfully

2018-03-28 15:14:59 - [MESSAGE][PASSED] - Navigate to 'http://demoaut.katalon.com/' successfully

2018-03-28 15:14:59 - [TEST_STEP][PASSED] - click: Object: 'Object Repository/a_Make Appointment' is clicked on

2018-03-28 15:15:00 - [MESSAGE][PASSED] - Object: 'Object Repository/a_Make Appointment' is clicked on

2018-03-28 15:15:00 - [TEST_STEP][PASSED] - closeBrowser: Browser is closed

2018-03-28 15:15:02 - [MESSAGE][PASSED] - Browser is closed]]></system-out>
         <system-err><![CDATA[]]></system-err>
      </testcase>
      <system-out><![CDATA[2018-03-28 15:14:47 - [TEST_SUITE][PASSED] - Test Suite1: Test Cases/Test 1 by Jiwon]]></system-out>
      <system-err><![CDATA[]]></system-err>
   </testsuite>
</testsuites>
