<?xml version="1.0" encoding="UTF-8"?>
<testsuites name="Test Suite1" time="18" tests="2" failures="0" errors="0">
   <testsuite name="Test Suite1" tests="2" failures="0" errors="0" time="18" timestamp="2018-03-28 16:28:25" hostname="Administrator - Medialog" id="Test Suites/Test Suite1">
      <properties>
         <property name="deviceName" value=""/>
         <property name="devicePlatform" value=""/>
         <property name="logFolder" value="C:\\Users\\Administrator\\git\\KatalonGitTest1\\Reports\\Test Suite1\\20180328_162822"/>
         <property name="logFiles" value="C:\\Users\\Administrator\\git\\KatalonGitTest1\\Reports\\Test Suite1\\20180328_162822\\execution0.log"/>
         <property name="attachments" value=""/>
         <property name="hostName" value="Administrator - Medialog"/>
         <property name="os" value="Windows 7 64bit"/>
         <property name="katalonVersion" value="5.3.1.1"/>
         <property name="browser" value="Chrome 65.0.3325.181"/>
         <property name="hostAddress" value="172.19.244.166"/>
         <property name="sessionId" value="5ae39c20e8ca4c98863ac8fb324cc48a"/>
         <property name="seleniumVersion" value="3.7.1"/>
         <property name="proxyInformation" value="ProxyInformation{proxyOption=NO_PROXY, proxyServerType=HTTP, password=, proxyServerAddress=, proxyServerPort=0}"/>
         <property name="platform" value="Windows 7"/>
      </properties>
      <testcase name="Test Cases/Test 1 by Jiwon" classname="Test Cases/Test 1 by Jiwon" status="PASSED">
         <system-out><![CDATA[2018-03-28 16:28:25 - [TEST_CASE][PASSED] - Test Cases/Test 1 by Jiwon: Test Cases/Test 1 by Jiwon

2018-03-28 16:28:26 - [TEST_STEP][PASSED] - openBrowser: Browser is opened with url: ''

2018-03-28 16:28:31 - [MESSAGE][PASSED] - Browser is opened with url: ''

2018-03-28 16:28:31 - [TEST_STEP][PASSED] - navigateToUrl: Navigate to 'http://demoaut.katalon.com/' successfully

2018-03-28 16:28:34 - [MESSAGE][PASSED] - Navigate to 'http://demoaut.katalon.com/' successfully

2018-03-28 16:28:34 - [TEST_STEP][PASSED] - click: Object: 'Object Repository/a_Make Appointment' is clicked on

2018-03-28 16:28:34 - [MESSAGE][PASSED] - Object: 'Object Repository/a_Make Appointment' is clicked on

2018-03-28 16:28:34 - [TEST_STEP][PASSED] - closeBrowser: Browser is closed

2018-03-28 16:28:36 - [MESSAGE][PASSED] - Browser is closed]]></system-out>
         <system-err><![CDATA[]]></system-err>
      </testcase>
      <testcase name="Test Cases/Test 2 by Jiwon" classname="Test Cases/Test 2 by Jiwon" status="PASSED">
         <system-out><![CDATA[2018-03-28 16:28:36 - [TEST_CASE][PASSED] - Test Cases/Test 2 by Jiwon: Test Cases/Test 2 by Jiwon

2018-03-28 16:28:36 - [TEST_STEP][PASSED] - openBrowser: Browser is opened with url: ''

2018-03-28 16:28:39 - [MESSAGE][PASSED] - Browser is opened with url: ''

2018-03-28 16:28:39 - [TEST_STEP][PASSED] - navigateToUrl: Navigate to 'http://demoaut.katalon.com/' successfully

2018-03-28 16:28:41 - [MESSAGE][PASSED] - Navigate to 'http://demoaut.katalon.com/' successfully

2018-03-28 16:28:41 - [TEST_STEP][PASSED] - click: Object: 'Object Repository/h1_CURA Healthcare Service' is clicked on

2018-03-28 16:28:42 - [MESSAGE][PASSED] - Object: 'Object Repository/h1_CURA Healthcare Service' is clicked on

2018-03-28 16:28:42 - [TEST_STEP][PASSED] - closeBrowser: Browser is closed

2018-03-28 16:28:43 - [MESSAGE][PASSED] - Browser is closed]]></system-out>
         <system-err><![CDATA[]]></system-err>
      </testcase>
      <system-out><![CDATA[2018-03-28 16:28:25 - [TEST_SUITE][PASSED] - Test Suite1: Test Cases/Test 2 by Jiwon]]></system-out>
      <system-err><![CDATA[]]></system-err>
   </testsuite>
</testsuites>
