<?xml version="1.0" encoding="UTF-8"?>
<testsuites name="Test Suite1" time="25" tests="3" failures="0" errors="0">
   <testsuite name="Test Suite1" tests="3" failures="0" errors="0" time="25" timestamp="2018-03-28 16:37:23" hostname="Administrator - Medialog" id="Test Suites/Test Suite1">
      <properties>
         <property name="deviceName" value=""/>
         <property name="devicePlatform" value=""/>
         <property name="logFolder" value="C:\\Users\\Administrator\\git\\KatalonGitTest1\\Reports\\Test Suite1\\20180328_163721"/>
         <property name="logFiles" value="C:\\Users\\Administrator\\git\\KatalonGitTest1\\Reports\\Test Suite1\\20180328_163721\\execution0.log"/>
         <property name="attachments" value=""/>
         <property name="hostName" value="Administrator - Medialog"/>
         <property name="os" value="Windows 7 64bit"/>
         <property name="katalonVersion" value="5.3.1.1"/>
         <property name="browser" value="Chrome 65.0.3325.181"/>
         <property name="hostAddress" value="172.19.244.166"/>
         <property name="sessionId" value="e6ede8b0fe09f54d8b16bec2a0de6227"/>
         <property name="seleniumVersion" value="3.7.1"/>
         <property name="proxyInformation" value="ProxyInformation{proxyOption=NO_PROXY, proxyServerType=HTTP, password=, proxyServerAddress=, proxyServerPort=0}"/>
         <property name="platform" value="Windows 7"/>
      </properties>
      <testcase name="Test Cases/Test 1 by Jiwon" classname="Test Cases/Test 1 by Jiwon" status="PASSED">
         <system-out><![CDATA[2018-03-28 16:37:24 - [TEST_CASE][PASSED] - Test Cases/Test 1 by Jiwon: Test Cases/Test 1 by Jiwon

2018-03-28 16:37:24 - [TEST_STEP][PASSED] - openBrowser: Browser is opened with url: ''

2018-03-28 16:37:30 - [MESSAGE][PASSED] - Browser is opened with url: ''

2018-03-28 16:37:30 - [TEST_STEP][PASSED] - navigateToUrl: Navigate to 'http://demoaut.katalon.com/' successfully

2018-03-28 16:37:32 - [MESSAGE][PASSED] - Navigate to 'http://demoaut.katalon.com/' successfully

2018-03-28 16:37:32 - [TEST_STEP][PASSED] - click: Object: 'Object Repository/a_Make Appointment' is clicked on

2018-03-28 16:37:33 - [MESSAGE][PASSED] - Object: 'Object Repository/a_Make Appointment' is clicked on

2018-03-28 16:37:33 - [TEST_STEP][PASSED] - closeBrowser: Browser is closed

2018-03-28 16:37:34 - [MESSAGE][PASSED] - Browser is closed]]></system-out>
         <system-err><![CDATA[]]></system-err>
      </testcase>
      <testcase name="Test Cases/Test 2 by Jiwon" classname="Test Cases/Test 2 by Jiwon" status="PASSED">
         <system-out><![CDATA[2018-03-28 16:37:34 - [TEST_CASE][PASSED] - Test Cases/Test 2 by Jiwon: Test Cases/Test 2 by Jiwon

2018-03-28 16:37:34 - [TEST_STEP][PASSED] - openBrowser: Browser is opened with url: ''

2018-03-28 16:37:38 - [MESSAGE][PASSED] - Browser is opened with url: ''

2018-03-28 16:37:38 - [TEST_STEP][PASSED] - navigateToUrl: Navigate to 'http://demoaut.katalon.com/' successfully

2018-03-28 16:37:40 - [MESSAGE][PASSED] - Navigate to 'http://demoaut.katalon.com/' successfully

2018-03-28 16:37:40 - [TEST_STEP][PASSED] - click: Object: 'Object Repository/h1_CURA Healthcare Service' is clicked on

2018-03-28 16:37:40 - [MESSAGE][PASSED] - Object: 'Object Repository/h1_CURA Healthcare Service' is clicked on

2018-03-28 16:37:40 - [TEST_STEP][PASSED] - closeBrowser: Browser is closed

2018-03-28 16:37:41 - [MESSAGE][PASSED] - Browser is closed]]></system-out>
         <system-err><![CDATA[]]></system-err>
      </testcase>
      <testcase name="Test Cases/Test 3 by Jiwon" classname="Test Cases/Test 3 by Jiwon" status="PASSED">
         <system-out><![CDATA[2018-03-28 16:37:41 - [TEST_CASE][PASSED] - Test Cases/Test 3 by Jiwon: Test Cases/Test 3 by Jiwon

2018-03-28 16:37:41 - [TEST_STEP][PASSED] - openBrowser: Browser is opened with url: ''

2018-03-28 16:37:44 - [MESSAGE][PASSED] - Browser is opened with url: ''

2018-03-28 16:37:44 - [TEST_STEP][PASSED] - navigateToUrl: Navigate to 'http://demoaut.katalon.com/profile.php#login' successfully

2018-03-28 16:37:47 - [MESSAGE][PASSED] - Navigate to 'http://demoaut.katalon.com/profile.php#login' successfully

2018-03-28 16:37:47 - [TEST_STEP][PASSED] - click: Object: 'Object Repository/h2_Login' is clicked on

2018-03-28 16:37:47 - [MESSAGE][PASSED] - Object: 'Object Repository/h2_Login' is clicked on

2018-03-28 16:37:47 - [TEST_STEP][PASSED] - click: Object: 'Object Repository/p_Please login to make appoint' is clicked on

2018-03-28 16:37:47 - [MESSAGE][PASSED] - Object: 'Object Repository/p_Please login to make appoint' is clicked on

2018-03-28 16:37:47 - [TEST_STEP][PASSED] - click: Object: 'Object Repository/button_Login' is clicked on

2018-03-28 16:37:48 - [MESSAGE][PASSED] - Object: 'Object Repository/button_Login' is clicked on

2018-03-28 16:37:48 - [TEST_STEP][PASSED] - closeBrowser: Browser is closed

2018-03-28 16:37:49 - [MESSAGE][PASSED] - Browser is closed]]></system-out>
         <system-err><![CDATA[]]></system-err>
      </testcase>
      <system-out><![CDATA[2018-03-28 16:37:23 - [TEST_SUITE][PASSED] - Test Suite1: Test Cases/Test 3 by Jiwon]]></system-out>
      <system-err><![CDATA[]]></system-err>
   </testsuite>
</testsuites>
