<?xml version="1.0" encoding="UTF-8"?>
<testsuites name="Test Suite1" time="41" tests="4" failures="0" errors="0">
   <testsuite name="Test Suite1" tests="4" failures="0" errors="0" time="41" timestamp="2018-03-29 15:07:35" hostname="Administrator - Medialog" id="Test Suites/Test Suite1">
      <properties>
         <property name="deviceName" value=""/>
         <property name="devicePlatform" value=""/>
         <property name="logFolder" value="C:\\Users\\Administrator\\git\\KatalonGitTest1\\Reports\\Test Suite1\\20180329_150729"/>
         <property name="logFiles" value="C:\\Users\\Administrator\\git\\KatalonGitTest1\\Reports\\Test Suite1\\20180329_150729\\execution0.log"/>
         <property name="attachments" value=""/>
         <property name="hostName" value="Administrator - Medialog"/>
         <property name="os" value="Windows 7 64bit"/>
         <property name="katalonVersion" value="5.3.1.1"/>
         <property name="dbServerInfo" value="MySQL 5.7.21-log"/>
         <property name="browser" value="Chrome 65.0.3325.181"/>
         <property name="hostAddress" value="172.19.244.166"/>
         <property name="sessionId" value="2ddf11468c53d53147c7428216bbe7a1"/>
         <property name="seleniumVersion" value="3.7.1"/>
         <property name="proxyInformation" value="ProxyInformation{proxyOption=NO_PROXY, proxyServerType=HTTP, password=, proxyServerAddress=, proxyServerPort=0}"/>
         <property name="platform" value="Windows 7"/>
      </properties>
      <testcase name="Test Cases/Test 1 by Jiwon" classname="Test Cases/Test 1 by Jiwon" status="PASSED">
         <system-out><![CDATA[2018-03-29 15:07:36 - [TEST_CASE][PASSED] - Test Cases/Test 1 by Jiwon: Test Cases/Test 1 by Jiwon

2018-03-29 15:07:39 - [TEST_STEP][PASSED] - openBrowser: Browser is opened with url: ''

2018-03-29 15:07:48 - [MESSAGE][PASSED] - Browser is opened with url: ''

2018-03-29 15:07:48 - [TEST_STEP][PASSED] - navigateToUrl: Navigate to 'http://demoaut.katalon.com/profile.php#login' successfully

2018-03-29 15:07:51 - [MESSAGE][PASSED] - Navigate to 'http://demoaut.katalon.com/profile.php#login' successfully

2018-03-29 15:07:51 - [TEST_STEP][PASSED] - click: Object: 'Object Repository/span_demo_username_label' is clicked on

2018-03-29 15:07:52 - [MESSAGE][PASSED] - Object: 'Object Repository/span_demo_username_label' is clicked on

2018-03-29 15:07:52 - [TEST_STEP][PASSED] - setText: Text '' is set on object 'Object Repository/input_username'

2018-03-29 15:07:52 - [MESSAGE][PASSED] - Text '' is set on object 'Object Repository/input_username'

2018-03-29 15:07:52 - [TEST_STEP][PASSED] - click: Object: 'Object Repository/span_demo_password_label' is clicked on

2018-03-29 15:07:52 - [MESSAGE][PASSED] - Object: 'Object Repository/span_demo_password_label' is clicked on

2018-03-29 15:07:52 - [TEST_STEP][PASSED] - setText: Text '' is set on object 'Object Repository/input_password'

2018-03-29 15:07:53 - [MESSAGE][PASSED] - Text '' is set on object 'Object Repository/input_password'

2018-03-29 15:07:53 - [TEST_STEP][PASSED] - click: Object: 'Object Repository/button_Login (1)' is clicked on

2018-03-29 15:07:53 - [MESSAGE][PASSED] - Object: 'Object Repository/button_Login (1)' is clicked on

2018-03-29 15:07:53 - [TEST_STEP][PASSED] - setText: Text 'John Doe' is set on object 'Object Repository/input_username'

2018-03-29 15:07:54 - [MESSAGE][PASSED] - Text 'John Doe' is set on object 'Object Repository/input_username'

2018-03-29 15:07:54 - [TEST_STEP][PASSED] - setText: Text 'ThisIsNotAPassword' is set on object 'Object Repository/input_password'

2018-03-29 15:07:55 - [MESSAGE][PASSED] - Text 'ThisIsNotAPassword' is set on object 'Object Repository/input_password'

2018-03-29 15:07:55 - [TEST_STEP][PASSED] - click: Object: 'Object Repository/button_Login (1)' is clicked on

2018-03-29 15:07:56 - [MESSAGE][PASSED] - Object: 'Object Repository/button_Login (1)' is clicked on

2018-03-29 15:07:56 - [TEST_STEP][PASSED] - closeBrowser: Browser is closed

2018-03-29 15:07:56 - [MESSAGE][PASSED] - Browser is closed]]></system-out>
         <system-err><![CDATA[]]></system-err>
      </testcase>
      <testcase name="Test Cases/Test 1 by Jiwon" classname="Test Cases/Test 1 by Jiwon" status="PASSED">
         <system-out><![CDATA[2018-03-29 15:07:56 - [TEST_CASE][PASSED] - Test Cases/Test 1 by Jiwon: Test Cases/Test 1 by Jiwon

2018-03-29 15:07:56 - [TEST_STEP][PASSED] - openBrowser: Browser is opened with url: ''

2018-03-29 15:07:59 - [MESSAGE][PASSED] - Browser is opened with url: ''

2018-03-29 15:07:59 - [TEST_STEP][PASSED] - navigateToUrl: Navigate to 'http://demoaut.katalon.com/profile.php#login' successfully

2018-03-29 15:08:01 - [MESSAGE][PASSED] - Navigate to 'http://demoaut.katalon.com/profile.php#login' successfully

2018-03-29 15:08:01 - [TEST_STEP][PASSED] - click: Object: 'Object Repository/span_demo_username_label' is clicked on

2018-03-29 15:08:02 - [MESSAGE][PASSED] - Object: 'Object Repository/span_demo_username_label' is clicked on

2018-03-29 15:08:02 - [TEST_STEP][PASSED] - setText: Text '' is set on object 'Object Repository/input_username'

2018-03-29 15:08:02 - [MESSAGE][PASSED] - Text '' is set on object 'Object Repository/input_username'

2018-03-29 15:08:02 - [TEST_STEP][PASSED] - click: Object: 'Object Repository/span_demo_password_label' is clicked on

2018-03-29 15:08:02 - [MESSAGE][PASSED] - Object: 'Object Repository/span_demo_password_label' is clicked on

2018-03-29 15:08:02 - [TEST_STEP][PASSED] - setText: Text '' is set on object 'Object Repository/input_password'

2018-03-29 15:08:02 - [MESSAGE][PASSED] - Text '' is set on object 'Object Repository/input_password'

2018-03-29 15:08:02 - [TEST_STEP][PASSED] - click: Object: 'Object Repository/button_Login (1)' is clicked on

2018-03-29 15:08:03 - [MESSAGE][PASSED] - Object: 'Object Repository/button_Login (1)' is clicked on

2018-03-29 15:08:03 - [TEST_STEP][PASSED] - setText: Text 'John Doe' is set on object 'Object Repository/input_username'

2018-03-29 15:08:03 - [MESSAGE][PASSED] - Text 'John Doe' is set on object 'Object Repository/input_username'

2018-03-29 15:08:03 - [TEST_STEP][PASSED] - setText: Text 'ThisIsNotAPassword' is set on object 'Object Repository/input_password'

2018-03-29 15:08:04 - [MESSAGE][PASSED] - Text 'ThisIsNotAPassword' is set on object 'Object Repository/input_password'

2018-03-29 15:08:04 - [TEST_STEP][PASSED] - click: Object: 'Object Repository/button_Login (1)' is clicked on

2018-03-29 15:08:04 - [MESSAGE][PASSED] - Object: 'Object Repository/button_Login (1)' is clicked on

2018-03-29 15:08:04 - [TEST_STEP][PASSED] - closeBrowser: Browser is closed

2018-03-29 15:08:05 - [MESSAGE][PASSED] - Browser is closed]]></system-out>
         <system-err><![CDATA[]]></system-err>
      </testcase>
      <testcase name="Test Cases/Test 2 by Jiwon" classname="Test Cases/Test 2 by Jiwon" status="PASSED">
         <system-out><![CDATA[2018-03-29 15:08:05 - [TEST_CASE][PASSED] - Test Cases/Test 2 by Jiwon: Test Cases/Test 2 by Jiwon

2018-03-29 15:08:05 - [TEST_STEP][PASSED] - openBrowser: Browser is opened with url: ''

2018-03-29 15:08:07 - [MESSAGE][PASSED] - Browser is opened with url: ''

2018-03-29 15:08:07 - [TEST_STEP][PASSED] - navigateToUrl: Navigate to 'http://demoaut.katalon.com/' successfully

2018-03-29 15:08:09 - [MESSAGE][PASSED] - Navigate to 'http://demoaut.katalon.com/' successfully

2018-03-29 15:08:09 - [TEST_STEP][PASSED] - click: Object: 'Object Repository/h1_CURA Healthcare Service' is clicked on

2018-03-29 15:08:10 - [MESSAGE][PASSED] - Object: 'Object Repository/h1_CURA Healthcare Service' is clicked on

2018-03-29 15:08:10 - [TEST_STEP][PASSED] - closeBrowser: Browser is closed

2018-03-29 15:08:10 - [MESSAGE][PASSED] - Browser is closed]]></system-out>
         <system-err><![CDATA[]]></system-err>
      </testcase>
      <testcase name="Test Cases/Test 3 by Jiwon" classname="Test Cases/Test 3 by Jiwon" status="PASSED">
         <system-out><![CDATA[2018-03-29 15:08:10 - [TEST_CASE][PASSED] - Test Cases/Test 3 by Jiwon: Test Cases/Test 3 by Jiwon

2018-03-29 15:08:10 - [TEST_STEP][PASSED] - openBrowser: Browser is opened with url: ''

2018-03-29 15:08:13 - [MESSAGE][PASSED] - Browser is opened with url: ''

2018-03-29 15:08:13 - [TEST_STEP][PASSED] - navigateToUrl: Navigate to 'http://demoaut.katalon.com/profile.php#login' successfully

2018-03-29 15:08:15 - [MESSAGE][PASSED] - Navigate to 'http://demoaut.katalon.com/profile.php#login' successfully

2018-03-29 15:08:15 - [TEST_STEP][PASSED] - click: Object: 'Object Repository/h2_Login' is clicked on

2018-03-29 15:08:15 - [MESSAGE][PASSED] - Object: 'Object Repository/h2_Login' is clicked on

2018-03-29 15:08:15 - [TEST_STEP][PASSED] - click: Object: 'Object Repository/p_Please login to make appoint' is clicked on

2018-03-29 15:08:15 - [MESSAGE][PASSED] - Object: 'Object Repository/p_Please login to make appoint' is clicked on

2018-03-29 15:08:15 - [TEST_STEP][PASSED] - click: Object: 'Object Repository/button_Login' is clicked on

2018-03-29 15:08:16 - [MESSAGE][PASSED] - Object: 'Object Repository/button_Login' is clicked on

2018-03-29 15:08:16 - [TEST_STEP][PASSED] - closeBrowser: Browser is closed

2018-03-29 15:08:17 - [MESSAGE][PASSED] - Browser is closed]]></system-out>
         <system-err><![CDATA[]]></system-err>
      </testcase>
      <system-out><![CDATA[2018-03-29 15:07:35 - [TEST_SUITE][PASSED] - Test Suite1: Test Cases/Test 3 by Jiwon]]></system-out>
      <system-err><![CDATA[]]></system-err>
   </testsuite>
</testsuites>
